#
# A fatal error has been detected by the Java Runtime Environment:
#
#  EXCEPTION_ACCESS_VIOLATION (0xc0000005) at pc=0x000000005b683b57, pid=9960, tid=0x00000000000014fc
#
# JRE version: Java(TM) SE Runtime Environment (8.0_121-b13) (build 1.8.0_121-b13)
# Java VM: Java HotSpot(TM) 64-Bit Server VM (25.121-b13 mixed mode windows-amd64 compressed oops)
# Problematic frame:
# V  [jvm.dll+0x213b57]
#
# Failed to write core dump. Minidumps are not enabled by default on client versions of Windows
#
# If you would like to submit a bug report, please visit:
#   http://bugreport.java.com/bugreport/crash.jsp
#

---------------  T H R E A D  ---------------

Current thread (0x000000005e1d4800):  JavaThread "localhost-startStop-2" daemon [_thread_in_vm, id=5372, stack(0x000000005dc50000,0x000000005dd50000)]

siginfo: ExceptionCode=0xc0000005, writing address 0x000000005dd47d50

Registers:
RAX=0x000000005dd47d50, RBX=0x0000000000000007, RCX=0x0000000000006000, RDX=0x000000000000000d
RSP=0x000000005dd4dd50, RBP=0x0000000000000000, RSI=0x000000005dd4dd50, RDI=0x0000000000000007
R8 =0x000000000000000d, R9 =0x000000005c64b150, R10=0x0000000056b24b70, R11=0x000000005dc5a160
R12=0x000000005c64b150, R13=0x000000005e1d4800, R14=0x000000005dd4de18, R15=0x0000000056b24b70
RIP=0x000000005b683b57, EFLAGS=0x0000000000010206

Top of Stack: (sp=0x000000005dd4dd50)
0x000000005dd4dd50:   0000000000000000 000000006189ecf0
0x000000005dd4dd60:   000000005e1d4800 000000005c64b150
0x000000005dd4dd70:   00000000ffffffff 000000005b684a87
0x000000005dd4dd80:   000000005dd4de80 0000000056b24b70
0x000000005dd4dd90:   000000005e1d4800 000000005b530923
0x000000005dd4dda0:   000000005dd4dde0 000000005e1d4800
0x000000005dd4ddb0:   000000005dd4de70 000000005e1d4800
0x000000005dd4ddc0:   0000000056b24b70 000000005e1d4800
0x000000005dd4ddd0:   00000000029f6c60 000000005e1d4800
0x000000005dd4dde0:   0000000056b24b70 000000005e1d4800
0x000000005dd4ddf0:   0000000056b24b70 000000005e1d4800
0x000000005dd4de00:   0000000000000001 0000000056b24b70
0x000000005dd4de10:   000000005e1d4800 000000005c6121d8
0x000000005dd4de20:   000000005e1d4800 000000005b531e0d
0x000000005dd4de30:   000000005dd4e1b0 0000000016b12368
0x000000005dd4de40:   0000000016b1f6a0 0000000000000000 

Instructions: (pc=0x000000005b683b57)
0x000000005b683b37:   48 89 6c 24 30 33 ed 66 90 e8 2b 3b 08 00 ff c3
0x000000005b683b47:   48 63 c8 48 8b c6 48 0f af cf 48 ff c7 48 2b c1
0x000000005b683b57:   89 28 48 63 c3 48 3b 05 75 1b 59 00 7e db 48 8b
0x000000005b683b67:   6c 24 30 48 8b 5c 24 38 48 8b 74 24 40 48 83 c4 


Register to memory mapping:

RAX=0x000000005dd47d50 is pointing into the stack for thread: 0x000000005e1d4800
RBX=0x0000000000000007 is an unknown value
RCX=0x0000000000006000 is an unknown value
RDX=0x000000000000000d is an unknown value
RSP=0x000000005dd4dd50 is pointing into the stack for thread: 0x000000005e1d4800
RBP=0x0000000000000000 is an unknown value
RSI=0x000000005dd4dd50 is pointing into the stack for thread: 0x000000005e1d4800
RDI=0x0000000000000007 is an unknown value
R8 =0x000000000000000d is an unknown value
R9 =0x000000005c64b150 is an unknown value
R10={method} {0x0000000056b24b78} 'loadClass' '(Ljava/lang/String;)Ljava/lang/Class;' in 'java/lang/ClassLoader'
R11=0x000000005dc5a160 is pointing into the stack for thread: 0x000000005e1d4800
R12=0x000000005c64b150 is an unknown value
R13=0x000000005e1d4800 is a thread
R14=0x000000005dd4de18 is pointing into the stack for thread: 0x000000005e1d4800
R15={method} {0x0000000056b24b78} 'loadClass' '(Ljava/lang/String;)Ljava/lang/Class;' in 'java/lang/ClassLoader'


Stack: [0x000000005dc50000,0x000000005dd50000],  sp=0x000000005dd4dd50,  free space=1015k
Native frames: (J=compiled Java code, j=interpreted, Vv=VM code, C=native code)

Java frames: (J=compiled Java code, j=interpreted, Vv=VM code)
j  org.apache.catalina.core.ContainerBase.fireContainerEvent(Ljava/lang/String;Ljava/lang/Object;)V+14
j  org.apache.catalina.core.StandardWrapper.unload()V+743
j  org.apache.catalina.core.StandardWrapper.stopInternal()V+49
j  org.apache.catalina.util.LifecycleBase.stop()V+214
j  org.apache.catalina.core.StandardContext.stopInternal()V+69
j  org.apache.catalina.util.LifecycleBase.stop()V+214
j  org.apache.catalina.core.ContainerBase$StopChild.call()Ljava/lang/Void;+19
j  org.apache.catalina.core.ContainerBase$StopChild.call()Ljava/lang/Object;+1
j  java.util.concurrent.FutureTask.run()V+42
j  java.util.concurrent.ThreadPoolExecutor.runWorker(Ljava/util/concurrent/ThreadPoolExecutor$Worker;)V+95
j  java.util.concurrent.ThreadPoolExecutor$Worker.run()V+5
j  java.lang.Thread.run()V+11
v  ~StubRoutines::call_stub

---------------  P R O C E S S  ---------------

Java Threads: ( => current thread )
=>0x000000005e1d4800 JavaThread "localhost-startStop-2" daemon [_thread_in_vm, id=5372, stack(0x000000005dc50000,0x000000005dd50000)]
  0x000000005e1d3800 JavaThread "Tomcat-startStop-2" daemon [_thread_blocked, id=6124, stack(0x000000005fc60000,0x000000005fd60000)]
  0x000000005e1d9800 JavaThread "RMI TCP Connection(6)-192.168.70.127" daemon [_thread_in_native, id=7908, stack(0x0000000060f40000,0x0000000061040000)]
  0x000000005e1d9000 JavaThread "mybatis-plus MapperRefresh" [_thread_blocked, id=7588, stack(0x0000000060940000,0x0000000060a40000)]
  0x000000005e1d8000 JavaThread "System Clock" daemon [_thread_blocked, id=9768, stack(0x00000000607c0000,0x00000000608c0000)]
  0x000000005e1d6000 JavaThread "Abandoned connection cleanup thread" daemon [_thread_blocked, id=9636, stack(0x00000000601e0000,0x00000000602e0000)]
  0x000000005e1d5000 JavaThread "container-0" [_thread_blocked, id=8772, stack(0x000000005f760000,0x000000005f860000)]
  0x000000005e1d3000 JavaThread "RMI TCP Connection(idle)" daemon [_thread_blocked, id=3332, stack(0x000000005f880000,0x000000005f980000)]
  0x000000005c780800 JavaThread "RMI Scheduler(0)" daemon [_thread_blocked, id=6484, stack(0x000000005b120000,0x000000005b220000)]
  0x000000005c77d800 JavaThread "RMI TCP Connection(5)-192.168.70.127" daemon [_thread_in_native, id=7552, stack(0x000000005aff0000,0x000000005b0f0000)]
  0x000000005c76a800 JavaThread "RMI TCP Connection(1)-127.0.0.1" daemon [_thread_in_native, id=7780, stack(0x000000005a6c0000,0x000000005a7c0000)]
  0x000000005c60b000 JavaThread "RMI TCP Accept-0" daemon [_thread_in_native, id=9348, stack(0x000000005a980000,0x000000005aa80000)]
  0x000000005c5fb000 JavaThread "RMI TCP Accept-64957" daemon [_thread_in_native, id=5948, stack(0x000000005a820000,0x000000005a920000)]
  0x000000005a624000 JavaThread "RMI TCP Accept-0" daemon [_thread_in_native, id=9732, stack(0x0000000059c60000,0x0000000059d60000)]
  0x0000000058a08800 JavaThread "Service Thread" daemon [_thread_blocked, id=9592, stack(0x0000000059b00000,0x0000000059c00000)]
  0x0000000058998000 JavaThread "C1 CompilerThread2" daemon [_thread_blocked, id=9692, stack(0x00000000599b0000,0x0000000059ab0000)]
  0x0000000058997800 JavaThread "C2 CompilerThread1" daemon [_thread_blocked, id=10116, stack(0x0000000059490000,0x0000000059590000)]
  0x000000005898f000 JavaThread "C2 CompilerThread0" daemon [_thread_blocked, id=9612, stack(0x0000000059730000,0x0000000059830000)]
  0x0000000058980800 JavaThread "JDWP Command Reader" daemon [_thread_in_native, id=2836, stack(0x00000000595a0000,0x00000000596a0000)]
  0x000000005897d000 JavaThread "JDWP Event Helper Thread" daemon [_thread_blocked, id=9136, stack(0x0000000058d60000,0x0000000058e60000)]
  0x0000000058971800 JavaThread "JDWP Transport Listener: dt_socket" daemon [_thread_blocked, id=9784, stack(0x0000000059230000,0x0000000059330000)]
  0x0000000058964800 JavaThread "Attach Listener" daemon [_thread_blocked, id=9536, stack(0x00000000590e0000,0x00000000591e0000)]
  0x0000000058953000 JavaThread "Signal Dispatcher" daemon [_thread_blocked, id=2224, stack(0x0000000058eb0000,0x0000000058fb0000)]
  0x00000000574f4000 JavaThread "Finalizer" daemon [_thread_blocked, id=2764, stack(0x0000000058720000,0x0000000058820000)]
  0x00000000574ad000 JavaThread "Reference Handler" daemon [_thread_blocked, id=9160, stack(0x0000000058840000,0x0000000058940000)]
  0x0000000002521000 JavaThread "main" [_thread_blocked, id=5672, stack(0x00000000028b0000,0x00000000029b0000)]

Other Threads:
  0x00000000574a5800 VMThread [stack: 0x00000000585c0000,0x00000000586c0000] [id=9384]
  0x000000005c610800 WatcherThread [stack: 0x000000005ab10000,0x000000005ac10000] [id=9988]

VM state:not at safepoint (normal execution)

VM Mutex/Monitor currently owned by a thread: None

Heap:
 PSYoungGen      total 656384K, used 53361K [0x00000000d5b80000, 0x0000000100000000, 0x0000000100000000)
  eden space 627200K, 4% used [0x00000000d5b80000,0x00000000d752baf0,0x00000000fc000000)
  from space 29184K, 92% used [0x00000000fe380000,0x00000000ffdf0ab0,0x0000000100000000)
  to   space 32768K, 0% used [0x00000000fc000000,0x00000000fc000000,0x00000000fe000000)
 ParOldGen       total 94720K, used 50685K [0x0000000081200000, 0x0000000086e80000, 0x00000000d5b80000)
  object space 94720K, 53% used [0x0000000081200000,0x000000008437f5b8,0x0000000086e80000)
 Metaspace       used 58625K, capacity 59454K, committed 59728K, reserved 1101824K
  class space    used 7246K, capacity 7469K, committed 7552K, reserved 1048576K

Card table byte_map: [0x0000000011d70000,0x0000000012170000] byte_map_base: 0x0000000011967000

Marking Bits: (ParMarkBitMap*) 0x000000005bc8b6d0
 Begin Bits: [0x00000000127a0000, 0x0000000014758000)
 End Bits:   [0x0000000014758000, 0x0000000016710000)

Polling page: 0x0000000000230000

CodeCache: size=245760Kb used=13751Kb max_used=13751Kb free=232008Kb
 bounds [0x00000000029b0000, 0x0000000003720000, 0x00000000119b0000]
 total_blobs=7068 nmethods=6501 adapters=487
 compilation: enabled

Compilation events (10 events):
Event: 51.558 Thread 0x0000000058998000 6561       1       java.lang.Throwable::<init> (50 bytes)
Event: 51.558 Thread 0x0000000058998000 nmethod 6561 0x000000000371b6d0 code [0x000000000371b840, 0x000000000371ba58]
Event: 51.563 Thread 0x0000000058998000 6562   !   1       java.util.concurrent.ConcurrentHashMap::clear (176 bytes)
Event: 51.565 Thread 0x0000000058998000 nmethod 6562 0x000000000371bb10 code [0x000000000371bca0, 0x000000000371c238]
Event: 51.568 Thread 0x0000000058998000 6563       1       sun.util.calendar.BaseCalendar$Date::getCachedJan1 (5 bytes)
Event: 51.568 Thread 0x0000000058998000 nmethod 6563 0x000000000371c610 code [0x000000000371c760, 0x000000000371c870]
Event: 51.615 Thread 0x0000000058998000 6564       1       sun.util.calendar.BaseCalendar$Date::hit (14 bytes)
Event: 51.615 Thread 0x0000000058998000 nmethod 6564 0x000000000371c8d0 code [0x000000000371ca20, 0x000000000371cb50]
Event: 51.615 Thread 0x0000000058998000 6565   !   1       org.springframework.beans.factory.support.DefaultSingletonBeanRegistry::destroyBean (329 bytes)
Event: 51.617 Thread 0x0000000058998000 nmethod 6565 0x000000000371cbd0 code [0x000000000371cf40, 0x000000000371de28]

GC Heap History (10 events):
Event: 15.443 GC heap before
{Heap before GC invocations=14 (full 2):
 PSYoungGen      total 386560K, used 374272K [0x00000000d5b80000, 0x00000000f7980000, 0x0000000100000000)
  eden space 374272K, 100% used [0x00000000d5b80000,0x00000000ec900000,0x00000000ec900000)
  from space 12288K, 0% used [0x00000000ec900000,0x00000000ec900000,0x00000000ed500000)
  to   space 13312K, 0% used [0x00000000f6c80000,0x00000000f6c80000,0x00000000f7980000)
 ParOldGen       total 94720K, used 27260K [0x0000000081200000, 0x0000000086e80000, 0x00000000d5b80000)
  object space 94720K, 28% used [0x0000000081200000,0x0000000082c9f348,0x0000000086e80000)
 Metaspace       used 38276K, capacity 38958K, committed 39248K, reserved 1083392K
  class space    used 4979K, capacity 5155K, committed 5248K, reserved 1048576K
Event: 15.457 GC heap after
Heap after GC invocations=14 (full 2):
 PSYoungGen      total 502272K, used 13284K [0x00000000d5b80000, 0x00000000f7980000, 0x0000000100000000)
  eden space 488960K, 0% used [0x00000000d5b80000,0x00000000d5b80000,0x00000000f3900000)
  from space 13312K, 99% used [0x00000000f6c80000,0x00000000f7979110,0x00000000f7980000)
  to   space 15872K, 0% used [0x00000000f5a80000,0x00000000f5a80000,0x00000000f6a00000)
 ParOldGen       total 94720K, used 29878K [0x0000000081200000, 0x0000000086e80000, 0x00000000d5b80000)
  object space 94720K, 31% used [0x0000000081200000,0x0000000082f2d958,0x0000000086e80000)
 Metaspace       used 38276K, capacity 38958K, committed 39248K, reserved 1083392K
  class space    used 4979K, capacity 5155K, committed 5248K, reserved 1048576K
}
Event: 17.993 GC heap before
{Heap before GC invocations=15 (full 2):
 PSYoungGen      total 502272K, used 502244K [0x00000000d5b80000, 0x00000000f7980000, 0x0000000100000000)
  eden space 488960K, 100% used [0x00000000d5b80000,0x00000000f3900000,0x00000000f3900000)
  from space 13312K, 99% used [0x00000000f6c80000,0x00000000f7979110,0x00000000f7980000)
  to   space 15872K, 0% used [0x00000000f5a80000,0x00000000f5a80000,0x00000000f6a00000)
 ParOldGen       total 94720K, used 29878K [0x0000000081200000, 0x0000000086e80000, 0x00000000d5b80000)
  object space 94720K, 31% used [0x0000000081200000,0x0000000082f2d958,0x0000000086e80000)
 Metaspace       used 40757K, capacity 41452K, committed 41808K, reserved 1085440K
  class space    used 5274K, capacity 5448K, committed 5504K, reserved 1048576K
Event: 18.019 GC heap after
Heap after GC invocations=15 (full 2):
 PSYoungGen      total 539136K, used 15845K [0x00000000d5b80000, 0x00000000fec00000, 0x0000000100000000)
  eden space 523264K, 0% used [0x00000000d5b80000,0x00000000d5b80000,0x00000000f5a80000)
  from space 15872K, 99% used [0x00000000f5a80000,0x00000000f69f9788,0x00000000f6a00000)
  to   space 19968K, 0% used [0x00000000fd880000,0x00000000fd880000,0x00000000fec00000)
 ParOldGen       total 94720K, used 35763K [0x0000000081200000, 0x0000000086e80000, 0x00000000d5b80000)
  object space 94720K, 37% used [0x0000000081200000,0x00000000834ecd58,0x0000000086e80000)
 Metaspace       used 40757K, capacity 41452K, committed 41808K, reserved 1085440K
  class space    used 5274K, capacity 5448K, committed 5504K, reserved 1048576K
}
Event: 25.163 GC heap before
{Heap before GC invocations=16 (full 2):
 PSYoungGen      total 539136K, used 539109K [0x00000000d5b80000, 0x00000000fec00000, 0x0000000100000000)
  eden space 523264K, 100% used [0x00000000d5b80000,0x00000000f5a80000,0x00000000f5a80000)
  from space 15872K, 99% used [0x00000000f5a80000,0x00000000f69f9788,0x00000000f6a00000)
  to   space 19968K, 0% used [0x00000000fd880000,0x00000000fd880000,0x00000000fec00000)
 ParOldGen       total 94720K, used 35763K [0x0000000081200000, 0x0000000086e80000, 0x00000000d5b80000)
  object space 94720K, 37% used [0x0000000081200000,0x00000000834ecd58,0x0000000086e80000)
 Metaspace       used 45156K, capacity 45890K, committed 46160K, reserved 1089536K
  class space    used 5749K, capacity 5939K, committed 6016K, reserved 1048576K
Event: 25.190 GC heap after
Heap after GC invocations=16 (full 2):
 PSYoungGen      total 645120K, used 19953K [0x00000000d5b80000, 0x0000000100000000, 0x0000000100000000)
  eden space 625152K, 0% used [0x00000000d5b80000,0x00000000d5b80000,0x00000000fbe00000)
  from space 19968K, 99% used [0x00000000fd880000,0x00000000febfc470,0x00000000fec00000)
  to   space 27136K, 0% used [0x00000000fbe00000,0x00000000fbe00000,0x00000000fd880000)
 ParOldGen       total 94720K, used 47308K [0x0000000081200000, 0x0000000086e80000, 0x00000000d5b80000)
  object space 94720K, 49% used [0x0000000081200000,0x0000000084033010,0x0000000086e80000)
 Metaspace       used 45156K, capacity 45890K, committed 46160K, reserved 1089536K
  class space    used 5749K, capacity 5939K, committed 6016K, reserved 1048576K
}
Event: 27.512 GC heap before
{Heap before GC invocations=17 (full 2):
 PSYoungGen      total 645120K, used 645105K [0x00000000d5b80000, 0x0000000100000000, 0x0000000100000000)
  eden space 625152K, 100% used [0x00000000d5b80000,0x00000000fbe00000,0x00000000fbe00000)
  from space 19968K, 99% used [0x00000000fd880000,0x00000000febfc470,0x00000000fec00000)
  to   space 27136K, 0% used [0x00000000fbe00000,0x00000000fbe00000,0x00000000fd880000)
 ParOldGen       total 94720K, used 47308K [0x0000000081200000, 0x0000000086e80000, 0x00000000d5b80000)
  object space 94720K, 49% used [0x0000000081200000,0x0000000084033010,0x0000000086e80000)
 Metaspace       used 48893K, capacity 49648K, committed 50000K, reserved 1093632K
  class space    used 6232K, capacity 6432K, committed 6528K, reserved 1048576K
Event: 27.540 GC heap after
Heap after GC invocations=17 (full 2):
 PSYoungGen      total 652288K, used 22060K [0x00000000d5b80000, 0x0000000100000000, 0x0000000100000000)
  eden space 625152K, 0% used [0x00000000d5b80000,0x00000000d5b80000,0x00000000fbe00000)
  from space 27136K, 81% used [0x00000000fbe00000,0x00000000fd38b270,0x00000000fd880000)
  to   space 29184K, 0% used [0x00000000fe380000,0x00000000fe380000,0x0000000100000000)
 ParOldGen       total 94720K, used 50677K [0x0000000081200000, 0x0000000086e80000, 0x00000000d5b80000)
  object space 94720K, 53% used [0x0000000081200000,0x000000008437d5b8,0x0000000086e80000)
 Metaspace       used 48893K, capacity 49648K, committed 50000K, reserved 1093632K
  class space    used 6232K, capacity 6432K, committed 6528K, reserved 1048576K
}
Event: 51.571 GC heap before
{Heap before GC invocations=18 (full 2):
 PSYoungGen      total 652288K, used 647212K [0x00000000d5b80000, 0x0000000100000000, 0x0000000100000000)
  eden space 625152K, 100% used [0x00000000d5b80000,0x00000000fbe00000,0x00000000fbe00000)
  from space 27136K, 81% used [0x00000000fbe00000,0x00000000fd38b270,0x00000000fd880000)
  to   space 29184K, 0% used [0x00000000fe380000,0x00000000fe380000,0x0000000100000000)
 ParOldGen       total 94720K, used 50677K [0x0000000081200000, 0x0000000086e80000, 0x00000000d5b80000)
  object space 94720K, 53% used [0x0000000081200000,0x000000008437d5b8,0x0000000086e80000)
 Metaspace       used 58580K, capacity 59454K, committed 59728K, reserved 1101824K
  class space    used 7238K, capacity 7469K, committed 7552K, reserved 1048576K
Event: 51.608 GC heap after
Heap after GC invocations=18 (full 2):
 PSYoungGen      total 656384K, used 27074K [0x00000000d5b80000, 0x0000000100000000, 0x0000000100000000)
  eden space 627200K, 0% used [0x00000000d5b80000,0x00000000d5b80000,0x00000000fc000000)
  from space 29184K, 92% used [0x00000000fe380000,0x00000000ffdf0ab0,0x0000000100000000)
  to   space 32768K, 0% used [0x00000000fc000000,0x00000000fc000000,0x00000000fe000000)
 ParOldGen       total 94720K, used 50685K [0x0000000081200000, 0x0000000086e80000, 0x00000000d5b80000)
  object space 94720K, 53% used [0x0000000081200000,0x000000008437f5b8,0x0000000086e80000)
 Metaspace       used 58580K, capacity 59454K, committed 59728K, reserved 1101824K
  class space    used 7238K, capacity 7469K, committed 7552K, reserved 1048576K
}

Deoptimization events (0 events):
No events

Internal exceptions (10 events):
Event: 46.017 Thread 0x0000000002521000 Exception <a 'java/lang/NoSuchMethodError': java.lang.Object.lambda$static$4(Lorg/drools/compiler/builder/impl/KnowledgeBuilderImpl;Lorg/drools/compiler/builder/impl/CompositeKnowledgeBuilderImpl$ResourceDescr;)Lorg/drools/compiler/lang/descr/PackageDescr
Event: 46.018 Thread 0x0000000002521000 Exception <a 'java/lang/NoSuchMethodError': java.lang.Object.lambda$static$5(Lorg/drools/compiler/builder/impl/KnowledgeBuilderImpl;Lorg/drools/compiler/builder/impl/CompositeKnowledgeBuilderImpl$ResourceDescr;)Lorg/drools/compiler/lang/descr/PackageDescr
Event: 46.019 Thread 0x0000000002521000 Exception <a 'java/lang/NoSuchMethodError': java.lang.Object.lambda$static$6(Lorg/drools/compiler/builder/impl/KnowledgeBuilderImpl;Lorg/drools/compiler/builder/impl/CompositeKnowledgeBuilderImpl$ResourceDescr;)Lorg/drools/compiler/lang/descr/PackageDescr
Event: 46.019 Thread 0x0000000002521000 Exception <a 'java/lang/NoSuchMethodError': java.lang.Object.lambda$static$7(Lorg/drools/compiler/builder/impl/KnowledgeBuilderImpl;Lorg/drools/compiler/builder/impl/CompositeKnowledgeBuilderImpl$ResourceDescr;)Lorg/drools/compiler/lang/descr/PackageDescr
Event: 51.554 Thread 0x0000000002521000 Exception <a 'java/lang/OutOfMemoryError'> (0x00000000fb5d6ae8) thrown at [C:\re\workspace\8-2-build-windows-amd64-cygwin\jdk8u121\8372\hotspot\src\share\vm\prims\jni.cpp, line 735]
Event: 51.554 Thread 0x0000000002521000 Exception <a 'java/lang/OutOfMemoryError'> (0x00000000fb5d6ae8) thrown at [C:\re\workspace\8-2-build-windows-amd64-cygwin\jdk8u121\8372\hotspot\src\share\vm\prims\jvm.cpp, line 1394]
Event: 51.554 Thread 0x0000000002521000 Exception <a 'java/lang/reflect/InvocationTargetException'> (0x00000000fb5d7900) thrown at [C:\re\workspace\8-2-build-windows-amd64-cygwin\jdk8u121\8372\hotspot\src\share\vm\runtime\reflection.cpp, line 1092]
Event: 51.559 Thread 0x0000000002521000 Exception <a 'java/lang/reflect/InvocationTargetException'> (0x00000000fb5e0700) thrown at [C:\re\workspace\8-2-build-windows-amd64-cygwin\jdk8u121\8372\hotspot\src\share\vm\runtime\reflection.cpp, line 1092]
Event: 51.608 Thread 0x000000005e1d7800 Exception <a 'java/lang/InterruptedException': sleep interrupted> (0x00000000d665afe0) thrown at [C:\re\workspace\8-2-build-windows-amd64-cygwin\jdk8u121\8372\hotspot\src\share\vm\prims\jvm.cpp, line 3228]
Event: 51.818 Thread 0x000000005e1d3800 Exception <a 'java/lang/InterruptedException': sleep interrupted> (0x00000000d6e74870) thrown at [C:\re\workspace\8-2-build-windows-amd64-cygwin\jdk8u121\8372\hotspot\src\share\vm\prims\jvm.cpp, line 3228]

Events (10 events):
Event: 52.290 Executing VM operation: RevokeBias
Event: 52.290 Executing VM operation: RevokeBias done
Event: 52.290 Executing VM operation: RevokeBias
Event: 52.290 Executing VM operation: RevokeBias done
Event: 52.290 Executing VM operation: RevokeBias
Event: 52.290 Executing VM operation: RevokeBias done
Event: 52.290 Executing VM operation: RevokeBias
Event: 52.291 Executing VM operation: RevokeBias done
Event: 52.291 Executing VM operation: RevokeBias
Event: 52.291 Executing VM operation: RevokeBias done


Dynamic libraries:
0x000000013f0f0000 - 0x000000013f127000 	E:\workspace\jdk\bin\java.exe
0x0000000077bd0000 - 0x0000000077d7c000 	C:\Windows\SYSTEM32\ntdll.dll
0x0000000077ab0000 - 0x0000000077bcf000 	C:\Windows\system32\kernel32.dll
0x000007fefdce0000 - 0x000007fefdd4b000 	C:\Windows\system32\KERNELBASE.dll
0x000007feff6d0000 - 0x000007feff7ab000 	C:\Windows\system32\ADVAPI32.dll
0x000007feff520000 - 0x000007feff5bf000 	C:\Windows\system32\msvcrt.dll
0x000007feffd70000 - 0x000007feffd8f000 	C:\Windows\SYSTEM32\sechost.dll
0x000007fefe110000 - 0x000007fefe23e000 	C:\Windows\system32\RPCRT4.dll
0x00000000779b0000 - 0x0000000077aaa000 	C:\Windows\system32\USER32.dll
0x000007feff5c0000 - 0x000007feff627000 	C:\Windows\system32\GDI32.dll
0x000007fefe0e0000 - 0x000007fefe0ee000 	C:\Windows\system32\LPK.dll
0x000007feffd90000 - 0x000007feffe5a000 	C:\Windows\system32\USP10.dll
0x000007fefc340000 - 0x000007fefc534000 	C:\Windows\WinSxS\amd64_microsoft.windows.common-controls_6595b64144ccf1df_6.0.7600.16661_none_fa62ad231704eab7\COMCTL32.dll
0x000007feff3b0000 - 0x000007feff421000 	C:\Windows\system32\SHLWAPI.dll
0x000007feff9c0000 - 0x000007feff9ee000 	C:\Windows\system32\IMM32.DLL
0x000007feffae0000 - 0x000007feffbe9000 	C:\Windows\system32\MSCTF.dll
0x0000000071750000 - 0x0000000071822000 	E:\workspace\jdk\jre\bin\msvcr100.dll
0x000000005b470000 - 0x000000005bd0b000 	E:\workspace\jdk\jre\bin\server\jvm.dll
0x000007fef9a90000 - 0x000007fef9a99000 	C:\Windows\system32\WSOCK32.dll
0x000007feff430000 - 0x000007feff47d000 	C:\Windows\system32\WS2_32.dll
0x000007feff9f0000 - 0x000007feff9f8000 	C:\Windows\system32\NSI.dll
0x000007fefba10000 - 0x000007fefba4b000 	C:\Windows\system32\WINMM.dll
0x000007fefcc90000 - 0x000007fefcc9c000 	C:\Windows\system32\VERSION.dll
0x0000000077da0000 - 0x0000000077da7000 	C:\Windows\system32\PSAPI.DLL
0x0000000064200000 - 0x000000006420f000 	E:\workspace\jdk\jre\bin\verify.dll
0x000000005df80000 - 0x000000005dfa9000 	E:\workspace\jdk\jre\bin\java.dll
0x0000000071710000 - 0x0000000071745000 	E:\workspace\jdk\jre\bin\jdwp.dll
0x0000000071700000 - 0x0000000071708000 	E:\workspace\jdk\jre\bin\npt.dll
0x000000005dfc0000 - 0x000000005dfd6000 	E:\workspace\jdk\jre\bin\zip.dll
0x000007fefe3c0000 - 0x000007feff146000 	C:\Windows\system32\SHELL32.dll
0x000007feff7b0000 - 0x000007feff9b2000 	C:\Windows\system32\ole32.dll
0x000007fefdb30000 - 0x000007fefdb3f000 	C:\Windows\system32\profapi.dll
0x00000000716f0000 - 0x00000000716f9000 	E:\workspace\jdk\jre\bin\dt_socket.dll
0x000007fefd360000 - 0x000007fefd3b4000 	C:\Windows\system32\mswsock.dll
0x000007fefcd60000 - 0x000007fefcd67000 	C:\Windows\System32\wshtcpip.dll
0x000000005dfb0000 - 0x000000005dfbd000 	E:\workspace\jdk\jre\bin\management.dll
0x000000005c590000 - 0x000000005c5aa000 	E:\workspace\jdk\jre\bin\net.dll
0x000007fefd350000 - 0x000007fefd357000 	C:\Windows\System32\wship6.dll
0x000000005c570000 - 0x000000005c581000 	E:\workspace\jdk\jre\bin\nio.dll
0x000007fefbf20000 - 0x000007fefbf35000 	C:\Windows\system32\NLAapi.dll
0x000007fefd1e0000 - 0x000007fefd23b000 	C:\Windows\system32\DNSAPI.dll
0x000007fef8ce0000 - 0x000007fef8ceb000 	C:\Windows\System32\winrnr.dll
0x000007fef8cc0000 - 0x000007fef8cd5000 	C:\Windows\system32\napinsp.dll
0x000007fef8ca0000 - 0x000007fef8cb9000 	C:\Windows\system32\pnrpnsp.dll
0x000007fefae80000 - 0x000007fefaea7000 	C:\Windows\system32\IPHLPAPI.DLL
0x000007fefae70000 - 0x000007fefae7b000 	C:\Windows\system32\WINNSI.DLL
0x000007fef8cf0000 - 0x000007fef8cf8000 	C:\Windows\system32\rasadhlp.dll
0x000007fefad70000 - 0x000007fefadc3000 	C:\Windows\System32\fwpuclnt.dll
0x000007fefd3c0000 - 0x000007fefd3d7000 	C:\Windows\system32\CRYPTSP.dll
0x000007fefd0c0000 - 0x000007fefd107000 	C:\Windows\system32\rsaenh.dll
0x000007fefce70000 - 0x000007fefce8e000 	C:\Windows\system32\USERENV.dll
0x000007fefda60000 - 0x000007fefda6f000 	C:\Windows\system32\CRYPTBASE.dll
0x000007fefad40000 - 0x000007fefad51000 	C:\Windows\system32\dhcpcsvc6.DLL
0x000007fefad20000 - 0x000007fefad38000 	C:\Windows\system32\dhcpcsvc.DLL
0x000000005c540000 - 0x000000005c564000 	E:\workspace\jdk\jre\bin\sunec.dll
0x000007fef8e00000 - 0x000007fef8f25000 	C:\Windows\system32\dbghelp.dll

VM Arguments:
jvm_args: -agentlib:jdwp=transport=dt_socket,address=127.0.0.1:64958,suspend=y,server=n -XX:TieredStopAtLevel=1 -Xverify:none -Dspring.output.ansi.enabled=always -Dcom.sun.management.jmxremote -Dcom.sun.management.jmxremote.port=64957 -Dcom.sun.management.jmxremote.authenticate=false -Dcom.sun.management.jmxremote.ssl=false -Dspring.liveBeansView.mbeanDomain -Dspring.application.admin.enabled=true -Dfile.encoding=UTF-8 
java_command: com.slife.WebApplication
java_class_path (initial): E:\workspace\jdk\jre\lib\charsets.jar;E:\workspace\jdk\jre\lib\deploy.jar;E:\workspace\jdk\jre\lib\ext\access-bridge-64.jar;E:\workspace\jdk\jre\lib\ext\cldrdata.jar;E:\workspace\jdk\jre\lib\ext\dnsns.jar;E:\workspace\jdk\jre\lib\ext\jaccess.jar;E:\workspace\jdk\jre\lib\ext\jfxrt.jar;E:\workspace\jdk\jre\lib\ext\localedata.jar;E:\workspace\jdk\jre\lib\ext\nashorn.jar;E:\workspace\jdk\jre\lib\ext\sunec.jar;E:\workspace\jdk\jre\lib\ext\sunjce_provider.jar;E:\workspace\jdk\jre\lib\ext\sunmscapi.jar;E:\workspace\jdk\jre\lib\ext\sunpkcs11.jar;E:\workspace\jdk\jre\lib\ext\zipfs.jar;E:\workspace\jdk\jre\lib\javaws.jar;E:\workspace\jdk\jre\lib\jce.jar;E:\workspace\jdk\jre\lib\jfr.jar;E:\workspace\jdk\jre\lib\jfxswt.jar;E:\workspace\jdk\jre\lib\jsse.jar;E:\workspace\jdk\jre\lib\management-agent.jar;E:\workspace\jdk\jre\lib\plugin.jar;E:\workspace\jdk\jre\lib\resources.jar;E:\workspace\jdk\jre\lib\rt.jar;E:\studySpringBoot\systemManager\slife-web\target\classes;C:\Users\yangjiasheng\.m2\repository\de\codecentric\spring-boot-admin-starter-client\1.5.5\spring-boot-admin-starter-client-1.5.5.jar;C:\Users\yangjiasheng\.m2\repository\org\springframework\boot\spring-boot-starter\1.5.4.RELEASE\spring-boot-starter-1.5.4.RELEASE.jar;C:\Users\yangjiasheng\.m2\repository\org\springframework\boot\spring-boot\1.5.4.RELEASE\spring-boot-1.5.4.RELEASE.jar;C:\Users\yangjiasheng\.m2\repository\org\springframework\boot\spring-boot-starter-logging\1.5.4.RELEASE\spring-boot-starter-logging-1.5.4.RELEASE.jar;C:\Users\yangjiasheng\.m2\repository\ch\qos\logback\logback-classic\1.1.11\logback-classic-1.1.11.jar;C:\Users\yangjiasheng\.m2\repository\ch\qos\logback\logback-core\1.1.11\logback-core-1.1.11.jar;C:\Users\yangjiasheng\.m2\repository\org\slf4j\jcl-over-slf4j\1.7.25\jcl-over-slf4j-1.7.25.jar;C:\Users\yangjiasheng\.m2\repository\org\slf4j\jul-to-slf4j\1.7.25\jul-to-slf4j-1.7.25.jar;C:\Users\yangjiasheng\.m2\repository\org\slf4j\log4j-over-slf4j\1.7.25\log4j-over-slf
Launcher Type: SUN_STANDARD

Environment Variables:
JAVA_HOME=E:\workspace\jdk
PATH=E:\workspace\python\;E:\workspace\python\Scripts;;C:\Windows;E:\workspace\orcle\product\11.2.0\dbhome_1\bin;C:\Windows\system32;C:\Windows;C:\Windows\System32\Wbem;C:\Windows\System32\WindowsPowerShell\v1.0\;E:\workspace\jdk\bin;E:\workspace\apache-maven-3.5.0\bin;E:\workspace\svn1.9.7\bin;E:\workspace\Git\cmd;E:\workspace\mysql-5.7.20-winx64\bin;E:\software\sshShell
USERNAME=yangjiasheng
OS=Windows_NT
PROCESSOR_IDENTIFIER=Intel64 Family 6 Model 60 Stepping 3, GenuineIntel



---------------  S Y S T E M  ---------------

OS: Windows 7 , 64 bit Build 7600 (6.1.7600.16385)

CPU:total 4 (2 cores per cpu, 2 threads per core) family 6 model 60 stepping 3, cmov, cx8, fxsr, mmx, sse, sse2, sse3, ssse3, sse4.1, sse4.2, popcnt, aes, clmul, erms, lzcnt, ht, tsc, tscinvbit, bmi1, bmi2

Memory: 4k page, physical 8309632k(675860k free), swap 12975120k(3424k free)

vm_info: Java HotSpot(TM) 64-Bit Server VM (25.121-b13) for windows-amd64 JRE (1.8.0_121-b13), built on Dec 12 2016 18:21:36 by "java_re" with MS VC++ 10.0 (VS2010)

time: Tue Jan 02 15:12:19 2018
elapsed time: 52 seconds (0d 0h 0m 52s)

